<?xml version="1.0" encoding="UTF-8"?>
<testsuite xmlns:xsi="http://www.w3.org/2001/XMLSchema-instance" xsi:noNamespaceSchemaLocation="https://maven.apache.org/surefire/maven-surefire-plugin/xsd/surefire-test-report-3.0.xsd" version="3.0" name="prueba.CalculadoraServiceTest" time="0.114" tests="4" errors="0" skipped="0" failures="0">
  <properties>
[...]
</properties>
  <testcase name="mostrarMultiplicacion" classname="prueba.CalculadoraServiceTest" time="0.07"/>
  <testcase name="mostrarDivision" classname="prueba.CalculadoraServiceTest" time="0.003"/>
  <testcase name="mostrarResta" classname="prueba.CalculadoraServiceTest" time="0.003"/>
  <testcase name="mostrarSuma" classname="prueba.CalculadoraServiceTest" time="0.002"/>
</testsuite>